<?xml version="1.0" encoding="UTF-8"?>
<!-- Generated by org.testng.reporters.JUnitXMLReporter -->
<testsuite ignored="0" hostname="HJNZL001240" failures="0" tests="5" name="Regression One" time="34.745" errors="0" timestamp="2023-01-08T15:31:36 IST">
  <testcase classname="application.tests.LoginPageTests" name="facebookLoginPage" time="0.197"/>
  <testcase classname="application.tests.LoginPageTests" name="loginToFacebook" time="0.339"/>
  <testcase classname="application.tests.LoginPageTests" name="loginToFacebook" time="0.329"/>
  <testcase classname="application.tests.LoginPageTests" name="loginToFacebook" time="0.334"/>
  <testcase classname="application.tests.LoginPageTests" name="verifyFbLoginPageTitle" time="0.218"/>
</testsuite> <!-- Regression One -->
