<?xml version="1.0" encoding="UTF-8"?>
<!-- Generated by org.testng.reporters.JUnitXMLReporter -->
<testsuite ignored="0" hostname="HJNZL001240" failures="0" tests="6" name="Regression One" time="48.651" errors="0" timestamp="2023-01-09T00:05:24 IST">
  <testcase classname="application.tests.LoginPageTests" name="facebookLoginPage" time="0.245"/>
  <testcase classname="application.tests.LoginPageTests" name="loginToFacebook" time="0.503"/>
  <testcase classname="application.tests.LoginPageTests" name="loginToFacebook" time="0.435"/>
  <testcase classname="application.tests.LoginPageTests" name="loginToFacebook" time="0.439"/>
  <testcase classname="application.tests.LoginPageTests" name="verifyFbLoginPageTitle" time="0.227"/>
  <testcase classname="application.apitests.GetAPITests" name="testGetApi" time="0.467"/>
</testsuite> <!-- Regression One -->
