<?xml version="1.0" encoding="UTF-8"?>
<!-- Generated by org.testng.reporters.JUnitXMLReporter -->
<testsuite ignored="0" hostname="HJNZL001240" failures="1" tests="1" name="Default test" time="367.111" errors="0" timestamp="2023-01-06T19:00:46 IST">
  <testcase classname="application.tests.LoginPageTests" name="googleAllyTest" time="345.643">
    <failure type="java.lang.AssertionError" message="Found 10 accessibility violations:
1) ARIA role must be appropriate for the element: https://dequeuniversity.com/rules/axe/3.1/aria-allowed-role?application=axeAPI
  a) [&amp;quot;iframe[title=\&amp;quot;reCAPTCHA\&amp;quot;]&amp;quot;]
    Fix any of the following:
      role presentation  is not allowed for given element


  b) [&amp;quot;.ot-host-expand&amp;quot;]
    Fix any of the following:
      role presentation  is not allowed for given element


  c) [&amp;quot;iframe[title=\&amp;quot;reCAPTCHA\&amp;quot;]&amp;quot;,&amp;quot;#recaptcha-anchor-label&amp;quot;]
    Fix any of the following:
      role presentation  is not allowed for given element


2) Elements must have sufficient color contrast: https://dequeuniversity.com/rules/axe/3.1/color-contrast?application=axeAPI
  a) [&amp;quot;.enter-animate &amp;gt; .container &amp;gt; .negative-margin.justify-content-center.row &amp;gt; .col-lg-10.scrollable-wrap &amp;gt; .scrollable-list &amp;gt; li:nth-child(1) &amp;gt; .card-home-01 &amp;gt; p:nth-child(1)&amp;quot;]
    Fix any of the following:
      Element has insufficient color contrast of 2.44 (foreground color: #a7a5a9, background color: #ffffff, font size: 12.0pt, font weight: normal). Expected contrast ratio of 4.5:1


  b) [&amp;quot;.enter-animate &amp;gt; .container &amp;gt; .negative-margin.justify-content-center.row &amp;gt; .col-lg-10.scrollable-wrap &amp;gt; .scrollable-list &amp;gt; li:nth-child(2) &amp;gt; .card-home-01 &amp;gt; p:nth-child(1)&amp;quot;]
    Fix any of the following:
      Element has insufficient color contrast of 2.44 (foreground color: #a7a5a9, background color: #ffffff, font size: 12.0pt, font weight: normal). Expected contrast ratio of 4.5:1


  c) [&amp;quot;.enter-animate &amp;gt; .container &amp;gt; .negative-margin.justify-content-center.row &amp;gt; .col-lg-10.scrollable-wrap &amp;gt; .scrollable-list &amp;gt; li:nth-child(3) &amp;gt; .card-home-01 &amp;gt; p:nth-child(1)&amp;quot;]
    Fix any of the following:
      Element has insufficient color contrast of 2.44 (foreground color: #a7a5a9, background color: #ffffff, font size: 12.0pt, font weight: normal). Expected contrast ratio of 4.5:1


  d) [&amp;quot;.col-md-9 &amp;gt; h4&amp;quot;]
    Fix any of the following:
      Element has insufficient color contrast of 2.69 (foreground color: #ffffff, background color: #00adc6, font size: 16.5pt, font weight: bold). Expected contrast ratio of 3:1


  e) [&amp;quot;#scollJack01 &amp;gt; .hero-content.css-animate &amp;gt; .container &amp;gt; .negative-margin.justify-content-center.row &amp;gt; .col-lg-10.scrollable-wrap &amp;gt; .scrollable-list &amp;gt; li:nth-child(1) &amp;gt; .card-home-01 &amp;gt; p:nth-child(1)&amp;quot;]
    Fix any of the following:
      Element has insufficient color contrast of 2.44 (foreground color: #a7a5a9, background color: #ffffff, font size: 12.0pt, font weight: normal). Expected contrast ratio of 4.5:1


  f) [&amp;quot;#scollJack01 &amp;gt; .hero-content.css-animate &amp;gt; .container &amp;gt; .negative-margin.justify-content-center.row &amp;gt; .col-lg-10.scrollable-wrap &amp;gt; .scrollable-list &amp;gt; li:nth-child(2) &amp;gt; .card-home-01 &amp;gt; p:nth-child(1)&amp;quot;]
    Fix any of the following:
      Element has insufficient color contrast of 2.44 (foreground color: #a7a5a9, background color: #ffffff, font size: 12.0pt, font weight: normal). Expected contrast ratio of 4.5:1


  g) [&amp;quot;#scollJack01 &amp;gt; .hero-content.css-animate &amp;gt; .container &amp;gt; .negative-margin.justify-content-center.row &amp;gt; .col-lg-10.scrollable-wrap &amp;gt; .scrollable-list &amp;gt; li:nth-child(3) &amp;gt; .card-home-01 &amp;gt; p:nth-child(1)&amp;quot;]
    Fix any of the following:
      Element has insufficient color contrast of 2.44 (foreground color: #a7a5a9, background color: #ffffff, font size: 12.0pt, font weight: normal). Expected contrast ratio of 4.5:1


  h) [&amp;quot;#scollJack02 &amp;gt; .hero-content.css-animate &amp;gt; .container &amp;gt; .negative-margin.justify-content-center.row &amp;gt; .col-lg-10.scrollable-wrap &amp;gt; .scrollable-list &amp;gt; li:nth-child(1) &amp;gt; .card-home-01 &amp;gt; p:nth-child(1)&amp;quot;]
    Fix any of the following:
      Element has insufficient color contrast of 2.44 (foreground color: #a7a5a9, background color: #ffffff, font size: 12.0pt, font weight: normal). Expected contrast ratio of 4.5:1


  i) [&amp;quot;#scollJack02 &amp;gt; .hero-content.css-animate &amp;gt; .container &amp;gt; .negative-margin.justify-content-center.row &amp;gt; .col-lg-10.scrollable-wrap &amp;gt; .scrollable-list &amp;gt; li:nth-child(2) &amp;gt; .card-home-01 &amp;gt; p:nth-child(1)&amp;quot;]
    Fix any of the following:
      Element has insufficient color contrast of 2.44 (foreground color: #a7a5a9, background color: #ffffff, font size: 12.0pt, font weight: normal). Expected contrast ratio of 4.5:1


  j) [&amp;quot;#scollJack02 &amp;gt; .hero-content.css-animate &amp;gt; .container &amp;gt; .negative-margin.justify-content-center.row &amp;gt; .col-lg-10.scrollable-wrap &amp;gt; .scrollable-list &amp;gt; li:nth-child(3) &amp;gt; .card-home-01 &amp;gt; p:nth-child(1)&amp;quot;]
    Fix any of the following:
      Element has insufficient color contrast of 2.44 (foreground color: #a7a5a9, background color: #ffffff, font size: 12.0pt, font weight: normal). Expected contrast ratio of 4.5:1


  k) [&amp;quot;#scollJack03 &amp;gt; .hero-content.css-animate &amp;gt; .container &amp;gt; .negative-margin.justify-content-center.row &amp;gt; .col-lg-10.scrollable-wrap &amp;gt; .scrollable-list &amp;gt; li:nth-child(1) &amp;gt; .card-home-01 &amp;gt; p:nth-child(1)&amp;quot;]
    Fix any of the following:
      Element has insufficient color contrast of 2.44 (foreground color: #a7a5a9, background color: #ffffff, font size: 12.0pt, font weight: normal). Expected contrast ratio of 4.5:1


  l) [&amp;quot;#scollJack03 &amp;gt; .hero-content.css-animate &amp;gt; .container &amp;gt; .negative-margin.justify-content-center.row &amp;gt; .col-lg-10.scrollable-wrap &amp;gt; .scrollable-list &amp;gt; li:nth-child(2) &amp;gt; .card-home-01 &amp;gt; p:nth-child(1)&amp;quot;]
    Fix any of the following:
      Element has insufficient color contrast of 2.44 (foreground color: #a7a5a9, background color: #ffffff, font size: 12.0pt, font weight: normal). Expected contrast ratio of 4.5:1


  m) [&amp;quot;#scollJack03 &amp;gt; .hero-content.css-animate &amp;gt; .container &amp;gt; .negative-margin.justify-content-center.row &amp;gt; .col-lg-10.scrollable-wrap &amp;gt; .scrollable-list &amp;gt; li:nth-child(3) &amp;gt; .card-home-01 &amp;gt; p:nth-child(1)&amp;quot;]
    Fix any of the following:
      Element has insufficient color contrast of 2.44 (foreground color: #a7a5a9, background color: #ffffff, font size: 12.0pt, font weight: normal). Expected contrast ratio of 4.5:1


  n) [&amp;quot;#scollJack04 &amp;gt; .hero-content.css-animate &amp;gt; .container &amp;gt; .negative-margin.justify-content-center.row &amp;gt; .col-lg-10.scrollable-wrap &amp;gt; .scrollable-list &amp;gt; li:nth-child(1) &amp;gt; .card-home-01 &amp;gt; p:nth-child(1)&amp;quot;]
    Fix any of the following:
      Element has insufficient color contrast of 2.44 (foreground color: #a7a5a9, background color: #ffffff, font size: 12.0pt, font weight: normal). Expected contrast ratio of 4.5:1


  o) [&amp;quot;#scollJack04 &amp;gt; .hero-content.css-animate &amp;gt; .container &amp;gt; .negative-margin.justify-content-center.row &amp;gt; .col-lg-10.scrollable-wrap &amp;gt; .scrollable-list &amp;gt; li:nth-child(2) &amp;gt; .card-home-01 &amp;gt; p:nth-child(1)&amp;quot;]
    Fix any of the following:
      Element has insufficient color contrast of 2.44 (foreground color: #a7a5a9, background color: #ffffff, font size: 12.0pt, font weight: normal). Expected contrast ratio of 4.5:1


  p) [&amp;quot;#scollJack04 &amp;gt; .hero-content.css-animate &amp;gt; .container &amp;gt; .negative-margin.justify-content-center.row &amp;gt; .col-lg-10.scrollable-wrap &amp;gt; .scrollable-list &amp;gt; li:nth-child(3) &amp;gt; .card-home-01 &amp;gt; p:nth-child(1)&amp;quot;]
    Fix any of the following:
      Element has insufficient color contrast of 2.44 (foreground color: #a7a5a9, background color: #ffffff, font size: 12.0pt, font weight: normal). Expected contrast ratio of 4.5:1


  q) [&amp;quot;a[title=\&amp;quot;Banking\\ \\&amp;amp;\\ Financial\\ Services\&amp;quot;]&amp;quot;]
    Fix any of the following:
      Element has insufficient color contrast of 2.14 (foreground color: #ffffff, background color: #6bbfbc, font size: 15.0pt, font weight: bold). Expected contrast ratio of 3:1


  r) [&amp;quot;a[title=\&amp;quot;Insurance\&amp;quot;]&amp;quot;]
    Fix any of the following:
      Element has insufficient color contrast of 1.98 (foreground color: #ffffff, background color: #7ac5c3, font size: 15.0pt, font weight: bold). Expected contrast ratio of 3:1


  s) [&amp;quot;a[title=\&amp;quot;Healthcare\&amp;quot;]&amp;quot;]
    Fix any of the following:
      Element has insufficient color contrast of 2.69 (foreground color: #ffffff, background color: #00adc6, font size: 15.0pt, font weight: bold). Expected contrast ratio of 3:1


  t) [&amp;quot;a[title=\&amp;quot;Industrial\&amp;quot;]&amp;quot;]
    Fix any of the following:
      Element has insufficient color contrast of 1.9 (foreground color: #ffffff, background color: #f5ae45, font size: 15.0pt, font weight: bold). Expected contrast ratio of 3:1


  u) [&amp;quot;a[title=\&amp;quot;Software\\ \\&amp;amp;Hi-Tech\&amp;quot;]&amp;quot;]
    Fix any of the following:
      Element has insufficient color contrast of 2.4 (foreground color: #ffffff, background color: #ff8372, font size: 15.0pt, font weight: bold). Expected contrast ratio of 3:1


  v) [&amp;quot;a[title=\&amp;quot;Telecom\\ \\&amp;amp;Media\&amp;quot;]&amp;quot;]
    Fix any of the following:
      Element has insufficient color contrast of 1.84 (foreground color: #ffffff, background color: #9ecc7a, font size: 15.0pt, font weight: bold). Expected contrast ratio of 3:1


  w) [&amp;quot;#homepage-brand-video&amp;quot;]
    Fix any of the following:
      Element has insufficient color contrast of 2.82 (foreground color: #ffffff, background color: #ff6d00, font size: 11.3pt, font weight: bold). Expected contrast ratio of 4.5:1


  x) [&amp;quot;#menu-item-15321 &amp;gt; a&amp;quot;]
    Fix any of the following:
      Element has insufficient color contrast of 2.1 (foreground color: #a7a5a9, background color: #eeeeee, font size: 11.3pt, font weight: normal). Expected contrast ratio of 4.5:1


  y) [&amp;quot;#menu-item-15320 &amp;gt; a&amp;quot;]
    Fix any of the following:
      Element has insufficient color contrast of 2.1 (foreground color: #a7a5a9, background color: #eeeeee, font size: 11.3pt, font weight: normal). Expected contrast ratio of 4.5:1


  z) [&amp;quot;a[href$=\&amp;quot;sitemap/\&amp;quot;]&amp;quot;]
    Fix any of the following:
      Element has insufficient color contrast of 2.32 (foreground color: #9e9da0, background color: #eeeeee, font size: 10.5pt, font weight: normal). Expected contrast ratio of 4.5:1


  aa) [&amp;quot;#menu-item-9636 &amp;gt; a[href$=\&amp;quot;privacy-notice/\&amp;quot;]&amp;quot;]
    Fix any of the following:
      Element has insufficient color contrast of 2.32 (foreground color: #9e9da0, background color: #eeeeee, font size: 10.5pt, font weight: normal). Expected contrast ratio of 4.5:1


  ab) [&amp;quot;#menu-item-14049 &amp;gt; a[href$=\&amp;quot;cookie-policy/\&amp;quot;]&amp;quot;]
    Fix any of the following:
      Element has insufficient color contrast of 2.32 (foreground color: #9e9da0, background color: #eeeeee, font size: 10.5pt, font weight: normal). Expected contrast ratio of 4.5:1


  ac) [&amp;quot;a[href$=\&amp;quot;terms-of-use/\&amp;quot;]&amp;quot;]
    Fix any of the following:
      Element has insufficient color contrast of 2.32 (foreground color: #9e9da0, background color: #eeeeee, font size: 10.5pt, font weight: normal). Expected contrast ratio of 4.5:1


  ad) [&amp;quot;.ml-md-10 &amp;gt; ul &amp;gt; li:nth-child(5)&amp;quot;]
    Fix any of the following:
      Element has insufficient color contrast of 2.32 (foreground color: #9e9da0, background color: #eeeeee, font size: 10.5pt, font weight: normal). Expected contrast ratio of 4.5:1


  ae) [&amp;quot;#onetrust-accept-btn-handler&amp;quot;]
    Fix any of the following:
      Element has insufficient color contrast of 3.08 (foreground color: #ffffff, background color: #fd5f07, font size: 9.8pt, font weight: bold). Expected contrast ratio of 4.5:1


3) IDs of active elements must be unique: https://dequeuniversity.com/rules/axe/3.1/duplicate-id-active?application=axeAPI
  a) [&amp;quot;textarea[name=\&amp;quot;global-your-message-mob\&amp;quot;]&amp;quot;]
    Fix any of the following:
      Document has active elements with the same id attribute: message


4) id attribute value must be unique: https://dequeuniversity.com/rules/axe/3.1/duplicate-id?application=axeAPI
  a) [&amp;quot;.above-the-fold &amp;gt; .feature.video.loaded &amp;gt; .video-bg &amp;gt; .video-wrapper&amp;quot;]
    Fix any of the following:
      Document has multiple static elements with the same id attribute


  b) [&amp;quot;.row:nth-child(3) &amp;gt; .col &amp;gt; .section-contact-footer &amp;gt; .wpcf7-hidden[value=\&amp;quot;\\32 023-1-6\&amp;quot;][name=\&amp;quot;submissiondate\&amp;quot;]&amp;quot;]
    Fix any of the following:
      Document has multiple static elements with the same id attribute


5) Heading levels should only increase by one: https://dequeuniversity.com/rules/axe/3.1/heading-order?application=axeAPI
  a) [&amp;quot;.enter-animate &amp;gt; .container &amp;gt; .negative-margin.justify-content-center.row &amp;gt; .col-lg-10.scrollable-wrap &amp;gt; .scrollable-list &amp;gt; li:nth-child(1) &amp;gt; .card-home-01 &amp;gt; h6&amp;quot;]
    Fix any of the following:
      Heading order invalid


  b) [&amp;quot;#scollJack01 &amp;gt; .hero-content.css-animate &amp;gt; .container &amp;gt; .negative-margin.justify-content-center.row &amp;gt; .col-lg-10.scrollable-wrap &amp;gt; .scrollable-list &amp;gt; li:nth-child(1) &amp;gt; .card-home-01 &amp;gt; h6&amp;quot;]
    Fix any of the following:
      Heading order invalid


  c) [&amp;quot;#scollJack02 &amp;gt; .hero-content.css-animate &amp;gt; .container &amp;gt; .negative-margin.justify-content-center.row &amp;gt; .col-lg-10.scrollable-wrap &amp;gt; .scrollable-list &amp;gt; li:nth-child(1) &amp;gt; .card-home-01 &amp;gt; h6&amp;quot;]
    Fix any of the following:
      Heading order invalid


  d) [&amp;quot;#scollJack03 &amp;gt; .hero-content.css-animate &amp;gt; .container &amp;gt; .negative-margin.justify-content-center.row &amp;gt; .col-lg-10.scrollable-wrap &amp;gt; .scrollable-list &amp;gt; li:nth-child(1) &amp;gt; .card-home-01 &amp;gt; h6&amp;quot;]
    Fix any of the following:
      Heading order invalid


  e) [&amp;quot;#scollJack04 &amp;gt; .hero-content.css-animate &amp;gt; .container &amp;gt; .negative-margin.justify-content-center.row &amp;gt; .col-lg-10.scrollable-wrap &amp;gt; .scrollable-list &amp;gt; li:nth-child(1) &amp;gt; .card-home-01 &amp;gt; h6&amp;quot;]
    Fix any of the following:
      Heading order invalid


  f) [&amp;quot;.col-md-4.card-home-animate:nth-child(1) &amp;gt; .card-home-03 &amp;gt; .card-home-03-front &amp;gt; .card-header &amp;gt; h6&amp;quot;]
    Fix any of the following:
      Heading order invalid


  g) [&amp;quot;.d-sm-block &amp;gt; .right-box.footer-block &amp;gt; h6&amp;quot;]
    Fix any of the following:
      Heading order invalid


6) &amp;lt;html&amp;gt; element must have a lang attribute: https://dequeuniversity.com/rules/axe/3.1/html-has-lang?application=axeAPI
  a) [&amp;quot;iframe[title=\&amp;quot;LinkedIn\\ auto\\ fill\&amp;quot;]&amp;quot;,&amp;quot;html&amp;quot;]
    Fix any of the following:
      The &amp;lt;html&amp;gt; element does not have a lang attribute


  b) [&amp;quot;#q-messenger-frame&amp;quot;,&amp;quot;html&amp;quot;]
    Fix any of the following:
      The &amp;lt;html&amp;gt; element does not have a lang attribute


7) Form elements must have labels: https://dequeuniversity.com/rules/axe/3.1/label?application=axeAPI
  a) [&amp;quot;textarea[name=\&amp;quot;global-your-message\&amp;quot;]&amp;quot;]
    Fix any of the following:
      aria-label attribute does not exist or is empty
      aria-labelledby attribute does not exist, references elements that do not exist or references elements that are empty
      Form element does not have an implicit (wrapped) &amp;lt;label&amp;gt;
      Form element does not have an explicit &amp;lt;label&amp;gt;
      Element has no title attribute or the title attribute is empty


8) Page must not have more than one contentinfo landmark: https://dequeuniversity.com/rules/axe/3.1/landmark-no-duplicate-contentinfo?application=axeAPI
  a) [&amp;quot;html&amp;quot;]
    Fix any of the following:
      Page has more than one contentinfo landmark


9) Links must have discernible text: https://dequeuniversity.com/rules/axe/3.1/link-name?application=axeAPI
  a) [&amp;quot;.card-home-02--success &amp;gt; .card-link&amp;quot;]
    Fix all of the following:
      Element is in tab order and does not have accessible text

    Fix any of the following:
      Element does not have text that is visible to screen readers
      aria-label attribute does not exist or is empty
      aria-labelledby attribute does not exist, references elements that do not exist or references elements that are empty
      Element&amp;apos;s default semantics were not overridden with role=&amp;quot;presentation&amp;quot;
      Element&amp;apos;s default semantics were not overridden with role=&amp;quot;none&amp;quot;


  b) [&amp;quot;.card-link[href$=\&amp;quot;insurance/\&amp;quot;]&amp;quot;]
    Fix all of the following:
      Element is in tab order and does not have accessible text

    Fix any of the following:
      Element does not have text that is visible to screen readers
      aria-label attribute does not exist or is empty
      aria-labelledby attribute does not exist, references elements that do not exist or references elements that are empty
      Element&amp;apos;s default semantics were not overridden with role=&amp;quot;presentation&amp;quot;
      Element&amp;apos;s default semantics were not overridden with role=&amp;quot;none&amp;quot;


  c) [&amp;quot;.card-link[href$=\&amp;quot;healthcare/\&amp;quot;]&amp;quot;]
    Fix all of the following:
      Element is in tab order and does not have accessible text

    Fix any of the following:
      Element does not have text that is visible to screen readers
      aria-label attribute does not exist or is empty
      aria-labelledby attribute does not exist, references elements that do not exist or references elements that are empty
      Element&amp;apos;s default semantics were not overridden with role=&amp;quot;presentation&amp;quot;
      Element&amp;apos;s default semantics were not overridden with role=&amp;quot;none&amp;quot;


  d) [&amp;quot;.card-link[href$=\&amp;quot;life-sciences/\&amp;quot;]&amp;quot;]
    Fix all of the following:
      Element is in tab order and does not have accessible text

    Fix any of the following:
      Element does not have text that is visible to screen readers
      aria-label attribute does not exist or is empty
      aria-labelledby attribute does not exist, references elements that do not exist or references elements that are empty
      Element&amp;apos;s default semantics were not overridden with role=&amp;quot;presentation&amp;quot;
      Element&amp;apos;s default semantics were not overridden with role=&amp;quot;none&amp;quot;


  e) [&amp;quot;.card-link[href$=\&amp;quot;industrial/\&amp;quot;]&amp;quot;]
    Fix all of the following:
      Element is in tab order and does not have accessible text

    Fix any of the following:
      Element does not have text that is visible to screen readers
      aria-label attribute does not exist or is empty
      aria-labelledby attribute does not exist, references elements that do not exist or references elements that are empty
      Element&amp;apos;s default semantics were not overridden with role=&amp;quot;presentation&amp;quot;
      Element&amp;apos;s default semantics were not overridden with role=&amp;quot;none&amp;quot;


  f) [&amp;quot;.card-home-02--maroon &amp;gt; .card-link&amp;quot;]
    Fix all of the following:
      Element is in tab order and does not have accessible text

    Fix any of the following:
      Element does not have text that is visible to screen readers
      aria-label attribute does not exist or is empty
      aria-labelledby attribute does not exist, references elements that do not exist or references elements that are empty
      Element&amp;apos;s default semantics were not overridden with role=&amp;quot;presentation&amp;quot;
      Element&amp;apos;s default semantics were not overridden with role=&amp;quot;none&amp;quot;


  g) [&amp;quot;.card-link[href$=\&amp;quot;telecom-and-media/\&amp;quot;]&amp;quot;]
    Fix all of the following:
      Element is in tab order and does not have accessible text

    Fix any of the following:
      Element does not have text that is visible to screen readers
      aria-label attribute does not exist or is empty
      aria-labelledby attribute does not exist, references elements that do not exist or references elements that are empty
      Element&amp;apos;s default semantics were not overridden with role=&amp;quot;presentation&amp;quot;
      Element&amp;apos;s default semantics were not overridden with role=&amp;quot;none&amp;quot;


  h) [&amp;quot;.justify-content-md-end &amp;gt; ul &amp;gt; li:nth-child(1) &amp;gt; a[target=\&amp;quot;_blank\&amp;quot;]&amp;quot;]
    Fix all of the following:
      Element is in tab order and does not have accessible text

    Fix any of the following:
      Element does not have text that is visible to screen readers
      aria-label attribute does not exist or is empty
      aria-labelledby attribute does not exist, references elements that do not exist or references elements that are empty
      Element&amp;apos;s default semantics were not overridden with role=&amp;quot;presentation&amp;quot;
      Element&amp;apos;s default semantics were not overridden with role=&amp;quot;none&amp;quot;


  i) [&amp;quot;.justify-content-md-end &amp;gt; ul &amp;gt; li:nth-child(2) &amp;gt; a[target=\&amp;quot;_blank\&amp;quot;]&amp;quot;]
    Fix all of the following:
      Element is in tab order and does not have accessible text

    Fix any of the following:
      Element does not have text that is visible to screen readers
      aria-label attribute does not exist or is empty
      aria-labelledby attribute does not exist, references elements that do not exist or references elements that are empty
      Element&amp;apos;s default semantics were not overridden with role=&amp;quot;presentation&amp;quot;
      Element&amp;apos;s default semantics were not overridden with role=&amp;quot;none&amp;quot;


  j) [&amp;quot;.justify-content-md-end &amp;gt; ul &amp;gt; li:nth-child(3) &amp;gt; a[target=\&amp;quot;_blank\&amp;quot;]&amp;quot;]
    Fix all of the following:
      Element is in tab order and does not have accessible text

    Fix any of the following:
      Element does not have text that is visible to screen readers
      aria-label attribute does not exist or is empty
      aria-labelledby attribute does not exist, references elements that do not exist or references elements that are empty
      Element&amp;apos;s default semantics were not overridden with role=&amp;quot;presentation&amp;quot;
      Element&amp;apos;s default semantics were not overridden with role=&amp;quot;none&amp;quot;


  k) [&amp;quot;.justify-content-md-end &amp;gt; ul &amp;gt; li:nth-child(4) &amp;gt; a[target=\&amp;quot;_blank\&amp;quot;]&amp;quot;]
    Fix all of the following:
      Element is in tab order and does not have accessible text

    Fix any of the following:
      Element does not have text that is visible to screen readers
      aria-label attribute does not exist or is empty
      aria-labelledby attribute does not exist, references elements that do not exist or references elements that are empty
      Element&amp;apos;s default semantics were not overridden with role=&amp;quot;presentation&amp;quot;
      Element&amp;apos;s default semantics were not overridden with role=&amp;quot;none&amp;quot;


10) All page content must be contained by landmarks: https://dequeuniversity.com/rules/axe/3.1/region?application=axeAPI
  a) [&amp;quot;html&amp;quot;]
    Fix any of the following:
      Some page content is not contained by landmarks

 expected [true] but found [false]">
      <![CDATA[java.lang.AssertionError: Found 10 accessibility violations:
1) ARIA role must be appropriate for the element: https://dequeuniversity.com/rules/axe/3.1/aria-allowed-role?application=axeAPI
  a) ["iframe[title=\"reCAPTCHA\"]"]
    Fix any of the following:
      role presentation  is not allowed for given element


  b) [".ot-host-expand"]
    Fix any of the following:
      role presentation  is not allowed for given element


  c) ["iframe[title=\"reCAPTCHA\"]","#recaptcha-anchor-label"]
    Fix any of the following:
      role presentation  is not allowed for given element


2) Elements must have sufficient color contrast: https://dequeuniversity.com/rules/axe/3.1/color-contrast?application=axeAPI
  a) [".enter-animate > .container > .negative-margin.justify-content-center.row > .col-lg-10.scrollable-wrap > .scrollable-list > li:nth-child(1) > .card-home-01 > p:nth-child(1)"]
    Fix any of the following:
      Element has insufficient color contrast of 2.44 (foreground color: #a7a5a9, background color: #ffffff, font size: 12.0pt, font weight: normal). Expected contrast ratio of 4.5:1


  b) [".enter-animate > .container > .negative-margin.justify-content-center.row > .col-lg-10.scrollable-wrap > .scrollable-list > li:nth-child(2) > .card-home-01 > p:nth-child(1)"]
    Fix any of the following:
      Element has insufficient color contrast of 2.44 (foreground color: #a7a5a9, background color: #ffffff, font size: 12.0pt, font weight: normal). Expected contrast ratio of 4.5:1


  c) [".enter-animate > .container > .negative-margin.justify-content-center.row > .col-lg-10.scrollable-wrap > .scrollable-list > li:nth-child(3) > .card-home-01 > p:nth-child(1)"]
    Fix any of the following:
      Element has insufficient color contrast of 2.44 (foreground color: #a7a5a9, background color: #ffffff, font size: 12.0pt, font weight: normal). Expected contrast ratio of 4.5:1


  d) [".col-md-9 > h4"]
    Fix any of the following:
      Element has insufficient color contrast of 2.69 (foreground color: #ffffff, background color: #00adc6, font size: 16.5pt, font weight: bold). Expected contrast ratio of 3:1


  e) ["#scollJack01 > .hero-content.css-animate > .container > .negative-margin.justify-content-center.row > .col-lg-10.scrollable-wrap > .scrollable-list > li:nth-child(1) > .card-home-01 > p:nth-child(1)"]
    Fix any of the following:
      Element has insufficient color contrast of 2.44 (foreground color: #a7a5a9, background color: #ffffff, font size: 12.0pt, font weight: normal). Expected contrast ratio of 4.5:1


  f) ["#scollJack01 > .hero-content.css-animate > .container > .negative-margin.justify-content-center.row > .col-lg-10.scrollable-wrap > .scrollable-list > li:nth-child(2) > .card-home-01 > p:nth-child(1)"]
    Fix any of the following:
      Element has insufficient color contrast of 2.44 (foreground color: #a7a5a9, background color: #ffffff, font size: 12.0pt, font weight: normal). Expected contrast ratio of 4.5:1


  g) ["#scollJack01 > .hero-content.css-animate > .container > .negative-margin.justify-content-center.row > .col-lg-10.scrollable-wrap > .scrollable-list > li:nth-child(3) > .card-home-01 > p:nth-child(1)"]
    Fix any of the following:
      Element has insufficient color contrast of 2.44 (foreground color: #a7a5a9, background color: #ffffff, font size: 12.0pt, font weight: normal). Expected contrast ratio of 4.5:1


  h) ["#scollJack02 > .hero-content.css-animate > .container > .negative-margin.justify-content-center.row > .col-lg-10.scrollable-wrap > .scrollable-list > li:nth-child(1) > .card-home-01 > p:nth-child(1)"]
    Fix any of the following:
      Element has insufficient color contrast of 2.44 (foreground color: #a7a5a9, background color: #ffffff, font size: 12.0pt, font weight: normal). Expected contrast ratio of 4.5:1


  i) ["#scollJack02 > .hero-content.css-animate > .container > .negative-margin.justify-content-center.row > .col-lg-10.scrollable-wrap > .scrollable-list > li:nth-child(2) > .card-home-01 > p:nth-child(1)"]
    Fix any of the following:
      Element has insufficient color contrast of 2.44 (foreground color: #a7a5a9, background color: #ffffff, font size: 12.0pt, font weight: normal). Expected contrast ratio of 4.5:1


  j) ["#scollJack02 > .hero-content.css-animate > .container > .negative-margin.justify-content-center.row > .col-lg-10.scrollable-wrap > .scrollable-list > li:nth-child(3) > .card-home-01 > p:nth-child(1)"]
    Fix any of the following:
      Element has insufficient color contrast of 2.44 (foreground color: #a7a5a9, background color: #ffffff, font size: 12.0pt, font weight: normal). Expected contrast ratio of 4.5:1


  k) ["#scollJack03 > .hero-content.css-animate > .container > .negative-margin.justify-content-center.row > .col-lg-10.scrollable-wrap > .scrollable-list > li:nth-child(1) > .card-home-01 > p:nth-child(1)"]
    Fix any of the following:
      Element has insufficient color contrast of 2.44 (foreground color: #a7a5a9, background color: #ffffff, font size: 12.0pt, font weight: normal). Expected contrast ratio of 4.5:1


  l) ["#scollJack03 > .hero-content.css-animate > .container > .negative-margin.justify-content-center.row > .col-lg-10.scrollable-wrap > .scrollable-list > li:nth-child(2) > .card-home-01 > p:nth-child(1)"]
    Fix any of the following:
      Element has insufficient color contrast of 2.44 (foreground color: #a7a5a9, background color: #ffffff, font size: 12.0pt, font weight: normal). Expected contrast ratio of 4.5:1


  m) ["#scollJack03 > .hero-content.css-animate > .container > .negative-margin.justify-content-center.row > .col-lg-10.scrollable-wrap > .scrollable-list > li:nth-child(3) > .card-home-01 > p:nth-child(1)"]
    Fix any of the following:
      Element has insufficient color contrast of 2.44 (foreground color: #a7a5a9, background color: #ffffff, font size: 12.0pt, font weight: normal). Expected contrast ratio of 4.5:1


  n) ["#scollJack04 > .hero-content.css-animate > .container > .negative-margin.justify-content-center.row > .col-lg-10.scrollable-wrap > .scrollable-list > li:nth-child(1) > .card-home-01 > p:nth-child(1)"]
    Fix any of the following:
      Element has insufficient color contrast of 2.44 (foreground color: #a7a5a9, background color: #ffffff, font size: 12.0pt, font weight: normal). Expected contrast ratio of 4.5:1


  o) ["#scollJack04 > .hero-content.css-animate > .container > .negative-margin.justify-content-center.row > .col-lg-10.scrollable-wrap > .scrollable-list > li:nth-child(2) > .card-home-01 > p:nth-child(1)"]
    Fix any of the following:
      Element has insufficient color contrast of 2.44 (foreground color: #a7a5a9, background color: #ffffff, font size: 12.0pt, font weight: normal). Expected contrast ratio of 4.5:1


  p) ["#scollJack04 > .hero-content.css-animate > .container > .negative-margin.justify-content-center.row > .col-lg-10.scrollable-wrap > .scrollable-list > li:nth-child(3) > .card-home-01 > p:nth-child(1)"]
    Fix any of the following:
      Element has insufficient color contrast of 2.44 (foreground color: #a7a5a9, background color: #ffffff, font size: 12.0pt, font weight: normal). Expected contrast ratio of 4.5:1


  q) ["a[title=\"Banking\\ \\&\\ Financial\\ Services\"]"]
    Fix any of the following:
      Element has insufficient color contrast of 2.14 (foreground color: #ffffff, background color: #6bbfbc, font size: 15.0pt, font weight: bold). Expected contrast ratio of 3:1


  r) ["a[title=\"Insurance\"]"]
    Fix any of the following:
      Element has insufficient color contrast of 1.98 (foreground color: #ffffff, background color: #7ac5c3, font size: 15.0pt, font weight: bold). Expected contrast ratio of 3:1


  s) ["a[title=\"Healthcare\"]"]
    Fix any of the following:
      Element has insufficient color contrast of 2.69 (foreground color: #ffffff, background color: #00adc6, font size: 15.0pt, font weight: bold). Expected contrast ratio of 3:1


  t) ["a[title=\"Industrial\"]"]
    Fix any of the following:
      Element has insufficient color contrast of 1.9 (foreground color: #ffffff, background color: #f5ae45, font size: 15.0pt, font weight: bold). Expected contrast ratio of 3:1


  u) ["a[title=\"Software\\ \\&Hi-Tech\"]"]
    Fix any of the following:
      Element has insufficient color contrast of 2.4 (foreground color: #ffffff, background color: #ff8372, font size: 15.0pt, font weight: bold). Expected contrast ratio of 3:1


  v) ["a[title=\"Telecom\\ \\&Media\"]"]
    Fix any of the following:
      Element has insufficient color contrast of 1.84 (foreground color: #ffffff, background color: #9ecc7a, font size: 15.0pt, font weight: bold). Expected contrast ratio of 3:1


  w) ["#homepage-brand-video"]
    Fix any of the following:
      Element has insufficient color contrast of 2.82 (foreground color: #ffffff, background color: #ff6d00, font size: 11.3pt, font weight: bold). Expected contrast ratio of 4.5:1


  x) ["#menu-item-15321 > a"]
    Fix any of the following:
      Element has insufficient color contrast of 2.1 (foreground color: #a7a5a9, background color: #eeeeee, font size: 11.3pt, font weight: normal). Expected contrast ratio of 4.5:1


  y) ["#menu-item-15320 > a"]
    Fix any of the following:
      Element has insufficient color contrast of 2.1 (foreground color: #a7a5a9, background color: #eeeeee, font size: 11.3pt, font weight: normal). Expected contrast ratio of 4.5:1


  z) ["a[href$=\"sitemap/\"]"]
    Fix any of the following:
      Element has insufficient color contrast of 2.32 (foreground color: #9e9da0, background color: #eeeeee, font size: 10.5pt, font weight: normal). Expected contrast ratio of 4.5:1


  aa) ["#menu-item-9636 > a[href$=\"privacy-notice/\"]"]
    Fix any of the following:
      Element has insufficient color contrast of 2.32 (foreground color: #9e9da0, background color: #eeeeee, font size: 10.5pt, font weight: normal). Expected contrast ratio of 4.5:1


  ab) ["#menu-item-14049 > a[href$=\"cookie-policy/\"]"]
    Fix any of the following:
      Element has insufficient color contrast of 2.32 (foreground color: #9e9da0, background color: #eeeeee, font size: 10.5pt, font weight: normal). Expected contrast ratio of 4.5:1


  ac) ["a[href$=\"terms-of-use/\"]"]
    Fix any of the following:
      Element has insufficient color contrast of 2.32 (foreground color: #9e9da0, background color: #eeeeee, font size: 10.5pt, font weight: normal). Expected contrast ratio of 4.5:1


  ad) [".ml-md-10 > ul > li:nth-child(5)"]
    Fix any of the following:
      Element has insufficient color contrast of 2.32 (foreground color: #9e9da0, background color: #eeeeee, font size: 10.5pt, font weight: normal). Expected contrast ratio of 4.5:1


  ae) ["#onetrust-accept-btn-handler"]
    Fix any of the following:
      Element has insufficient color contrast of 3.08 (foreground color: #ffffff, background color: #fd5f07, font size: 9.8pt, font weight: bold). Expected contrast ratio of 4.5:1


3) IDs of active elements must be unique: https://dequeuniversity.com/rules/axe/3.1/duplicate-id-active?application=axeAPI
  a) ["textarea[name=\"global-your-message-mob\"]"]
    Fix any of the following:
      Document has active elements with the same id attribute: message


4) id attribute value must be unique: https://dequeuniversity.com/rules/axe/3.1/duplicate-id?application=axeAPI
  a) [".above-the-fold > .feature.video.loaded > .video-bg > .video-wrapper"]
    Fix any of the following:
      Document has multiple static elements with the same id attribute


  b) [".row:nth-child(3) > .col > .section-contact-footer > .wpcf7-hidden[value=\"\\32 023-1-6\"][name=\"submissiondate\"]"]
    Fix any of the following:
      Document has multiple static elements with the same id attribute


5) Heading levels should only increase by one: https://dequeuniversity.com/rules/axe/3.1/heading-order?application=axeAPI
  a) [".enter-animate > .container > .negative-margin.justify-content-center.row > .col-lg-10.scrollable-wrap > .scrollable-list > li:nth-child(1) > .card-home-01 > h6"]
    Fix any of the following:
      Heading order invalid


  b) ["#scollJack01 > .hero-content.css-animate > .container > .negative-margin.justify-content-center.row > .col-lg-10.scrollable-wrap > .scrollable-list > li:nth-child(1) > .card-home-01 > h6"]
    Fix any of the following:
      Heading order invalid


  c) ["#scollJack02 > .hero-content.css-animate > .container > .negative-margin.justify-content-center.row > .col-lg-10.scrollable-wrap > .scrollable-list > li:nth-child(1) > .card-home-01 > h6"]
    Fix any of the following:
      Heading order invalid


  d) ["#scollJack03 > .hero-content.css-animate > .container > .negative-margin.justify-content-center.row > .col-lg-10.scrollable-wrap > .scrollable-list > li:nth-child(1) > .card-home-01 > h6"]
    Fix any of the following:
      Heading order invalid


  e) ["#scollJack04 > .hero-content.css-animate > .container > .negative-margin.justify-content-center.row > .col-lg-10.scrollable-wrap > .scrollable-list > li:nth-child(1) > .card-home-01 > h6"]
    Fix any of the following:
      Heading order invalid


  f) [".col-md-4.card-home-animate:nth-child(1) > .card-home-03 > .card-home-03-front > .card-header > h6"]
    Fix any of the following:
      Heading order invalid


  g) [".d-sm-block > .right-box.footer-block > h6"]
    Fix any of the following:
      Heading order invalid


6) <html> element must have a lang attribute: https://dequeuniversity.com/rules/axe/3.1/html-has-lang?application=axeAPI
  a) ["iframe[title=\"LinkedIn\\ auto\\ fill\"]","html"]
    Fix any of the following:
      The <html> element does not have a lang attribute


  b) ["#q-messenger-frame","html"]
    Fix any of the following:
      The <html> element does not have a lang attribute


7) Form elements must have labels: https://dequeuniversity.com/rules/axe/3.1/label?application=axeAPI
  a) ["textarea[name=\"global-your-message\"]"]
    Fix any of the following:
      aria-label attribute does not exist or is empty
      aria-labelledby attribute does not exist, references elements that do not exist or references elements that are empty
      Form element does not have an implicit (wrapped) <label>
      Form element does not have an explicit <label>
      Element has no title attribute or the title attribute is empty


8) Page must not have more than one contentinfo landmark: https://dequeuniversity.com/rules/axe/3.1/landmark-no-duplicate-contentinfo?application=axeAPI
  a) ["html"]
    Fix any of the following:
      Page has more than one contentinfo landmark


9) Links must have discernible text: https://dequeuniversity.com/rules/axe/3.1/link-name?application=axeAPI
  a) [".card-home-02--success > .card-link"]
    Fix all of the following:
      Element is in tab order and does not have accessible text

    Fix any of the following:
      Element does not have text that is visible to screen readers
      aria-label attribute does not exist or is empty
      aria-labelledby attribute does not exist, references elements that do not exist or references elements that are empty
      Element's default semantics were not overridden with role="presentation"
      Element's default semantics were not overridden with role="none"


  b) [".card-link[href$=\"insurance/\"]"]
    Fix all of the following:
      Element is in tab order and does not have accessible text

    Fix any of the following:
      Element does not have text that is visible to screen readers
      aria-label attribute does not exist or is empty
      aria-labelledby attribute does not exist, references elements that do not exist or references elements that are empty
      Element's default semantics were not overridden with role="presentation"
      Element's default semantics were not overridden with role="none"


  c) [".card-link[href$=\"healthcare/\"]"]
    Fix all of the following:
      Element is in tab order and does not have accessible text

    Fix any of the following:
      Element does not have text that is visible to screen readers
      aria-label attribute does not exist or is empty
      aria-labelledby attribute does not exist, references elements that do not exist or references elements that are empty
      Element's default semantics were not overridden with role="presentation"
      Element's default semantics were not overridden with role="none"


  d) [".card-link[href$=\"life-sciences/\"]"]
    Fix all of the following:
      Element is in tab order and does not have accessible text

    Fix any of the following:
      Element does not have text that is visible to screen readers
      aria-label attribute does not exist or is empty
      aria-labelledby attribute does not exist, references elements that do not exist or references elements that are empty
      Element's default semantics were not overridden with role="presentation"
      Element's default semantics were not overridden with role="none"


  e) [".card-link[href$=\"industrial/\"]"]
    Fix all of the following:
      Element is in tab order and does not have accessible text

    Fix any of the following:
      Element does not have text that is visible to screen readers
      aria-label attribute does not exist or is empty
      aria-labelledby attribute does not exist, references elements that do not exist or references elements that are empty
      Element's default semantics were not overridden with role="presentation"
      Element's default semantics were not overridden with role="none"


  f) [".card-home-02--maroon > .card-link"]
    Fix all of the following:
      Element is in tab order and does not have accessible text

    Fix any of the following:
      Element does not have text that is visible to screen readers
      aria-label attribute does not exist or is empty
      aria-labelledby attribute does not exist, references elements that do not exist or references elements that are empty
      Element's default semantics were not overridden with role="presentation"
      Element's default semantics were not overridden with role="none"


  g) [".card-link[href$=\"telecom-and-media/\"]"]
    Fix all of the following:
      Element is in tab order and does not have accessible text

    Fix any of the following:
      Element does not have text that is visible to screen readers
      aria-label attribute does not exist or is empty
      aria-labelledby attribute does not exist, references elements that do not exist or references elements that are empty
      Element's default semantics were not overridden with role="presentation"
      Element's default semantics were not overridden with role="none"


  h) [".justify-content-md-end > ul > li:nth-child(1) > a[target=\"_blank\"]"]
    Fix all of the following:
      Element is in tab order and does not have accessible text

    Fix any of the following:
      Element does not have text that is visible to screen readers
      aria-label attribute does not exist or is empty
      aria-labelledby attribute does not exist, references elements that do not exist or references elements that are empty
      Element's default semantics were not overridden with role="presentation"
      Element's default semantics were not overridden with role="none"


  i) [".justify-content-md-end > ul > li:nth-child(2) > a[target=\"_blank\"]"]
    Fix all of the following:
      Element is in tab order and does not have accessible text

    Fix any of the following:
      Element does not have text that is visible to screen readers
      aria-label attribute does not exist or is empty
      aria-labelledby attribute does not exist, references elements that do not exist or references elements that are empty
      Element's default semantics were not overridden with role="presentation"
      Element's default semantics were not overridden with role="none"


  j) [".justify-content-md-end > ul > li:nth-child(3) > a[target=\"_blank\"]"]
    Fix all of the following:
      Element is in tab order and does not have accessible text

    Fix any of the following:
      Element does not have text that is visible to screen readers
      aria-label attribute does not exist or is empty
      aria-labelledby attribute does not exist, references elements that do not exist or references elements that are empty
      Element's default semantics were not overridden with role="presentation"
      Element's default semantics were not overridden with role="none"


  k) [".justify-content-md-end > ul > li:nth-child(4) > a[target=\"_blank\"]"]
    Fix all of the following:
      Element is in tab order and does not have accessible text

    Fix any of the following:
      Element does not have text that is visible to screen readers
      aria-label attribute does not exist or is empty
      aria-labelledby attribute does not exist, references elements that do not exist or references elements that are empty
      Element's default semantics were not overridden with role="presentation"
      Element's default semantics were not overridden with role="none"


10) All page content must be contained by landmarks: https://dequeuniversity.com/rules/axe/3.1/region?application=axeAPI
  a) ["html"]
    Fix any of the following:
      Some page content is not contained by landmarks

 expected [true] but found [false]
at org.testng.Assert.fail(Assert.java:110)
at org.testng.Assert.failNotEquals(Assert.java:1413)
at org.testng.Assert.assertTrue(Assert.java:56)
at application.tests.LoginPageTests.googleAllyTest(LoginPageTests.java:29)
at java.base/jdk.internal.reflect.NativeMethodAccessorImpl.invoke0(Native Method)
at java.base/jdk.internal.reflect.NativeMethodAccessorImpl.invoke(NativeMethodAccessorImpl.java:77)
at java.base/jdk.internal.reflect.DelegatingMethodAccessorImpl.invoke(DelegatingMethodAccessorImpl.java:43)
at java.base/java.lang.reflect.Method.invoke(Method.java:568)
at org.testng.internal.invokers.MethodInvocationHelper.invokeMethod(MethodInvocationHelper.java:139)
at org.testng.internal.invokers.TestInvoker.invokeMethod(TestInvoker.java:677)
at org.testng.internal.invokers.TestInvoker.invokeTestMethod(TestInvoker.java:221)
at org.testng.internal.invokers.MethodRunner.runInSequence(MethodRunner.java:50)
at org.testng.internal.invokers.TestInvoker$MethodInvocationAgent.invoke(TestInvoker.java:962)
at org.testng.internal.invokers.TestInvoker.invokeTestMethods(TestInvoker.java:194)
at org.testng.internal.invokers.TestMethodWorker.invokeTestMethods(TestMethodWorker.java:148)
at org.testng.internal.invokers.TestMethodWorker.run(TestMethodWorker.java:128)
at java.base/java.util.ArrayList.forEach(ArrayList.java:1511)
at org.testng.TestRunner.privateRun(TestRunner.java:806)
at org.testng.TestRunner.run(TestRunner.java:601)
at org.testng.SuiteRunner.runTest(SuiteRunner.java:433)
at org.testng.SuiteRunner.runSequentially(SuiteRunner.java:427)
at org.testng.SuiteRunner.privateRun(SuiteRunner.java:387)
at org.testng.SuiteRunner.run(SuiteRunner.java:330)
at org.testng.SuiteRunnerWorker.runSuite(SuiteRunnerWorker.java:52)
at org.testng.SuiteRunnerWorker.run(SuiteRunnerWorker.java:95)
at org.testng.TestNG.runSuitesSequentially(TestNG.java:1256)
at org.testng.TestNG.runSuitesLocally(TestNG.java:1176)
at org.testng.TestNG.runSuites(TestNG.java:1099)
at org.testng.TestNG.run(TestNG.java:1067)
at org.testng.remote.AbstractRemoteTestNG.run(AbstractRemoteTestNG.java:115)
at org.testng.remote.RemoteTestNG.initAndRun(RemoteTestNG.java:251)
at org.testng.remote.RemoteTestNG.main(RemoteTestNG.java:77)
]]>
    </failure>
  </testcase> <!-- googleAllyTest -->
</testsuite> <!-- Default test -->
