<?xml version="1.0" encoding="UTF-8"?>
<testsuite xmlns:xsi="http://www.w3.org/2001/XMLSchema-instance" xsi:noNamespaceSchemaLocation="https://maven.apache.org/surefire/maven-surefire-plugin/xsd/surefire-test-report.xsd" name="TestSuite" time="50.119" tests="6" errors="0" skipped="0" failures="0">
  <properties>
[...]
</properties>
  <testcase name="facebookLoginPage" classname="application.tests.LoginPageTests" time="0.252"/>
  <testcase name="loginToFacebook" classname="application.tests.LoginPageTests" time="0.503"/>
  <testcase name="loginToFacebook" classname="application.tests.LoginPageTests" time="0.434"/>
  <testcase name="loginToFacebook" classname="application.tests.LoginPageTests" time="0.438"/>
  <testcase name="verifyFbLoginPageTitle" classname="application.tests.LoginPageTests" time="0.227"/>
  <testcase name="testGetApi" classname="application.apitests.GetAPITests" time="0.466"/>
</testsuite>