<?xml version="1.0" encoding="UTF-8"?>
<testng-results ignored="0" total="5" passed="5" failed="0" skipped="0">
  <reporter-output>
    <line>
      <![CDATA[PageTtile is: Facebook – log in or sign up]]>
    </line>
    <line>
      <![CDATA[Taking Screenshot]]>
    </line>
    <line>
      <![CDATA[Test for: satpal 123]]>
    </line>
    <line>
      <![CDATA[Taking Screenshot]]>
    </line>
    <line>
      <![CDATA[Test for: jangir 456]]>
    </line>
    <line>
      <![CDATA[Taking Screenshot]]>
    </line>
    <line>
      <![CDATA[Test for: hello 789]]>
    </line>
    <line>
      <![CDATA[Taking Screenshot]]>
    </line>
    <line>
      <![CDATA[Smoke and Regeression Test]]>
    </line>
    <line>
      <![CDATA[Taking Screenshot]]>
    </line>
  </reporter-output>
  <suite started-at="2023-01-08T15:31:01 IST" name="Parallel Test runs." finished-at="2023-01-08T15:31:36 IST" duration-ms="34745">
    <groups>
      <group name="Regression">
        <method signature="LoginPageTests.loginToFacebook(java.lang.String,java.lang.String)[pri:0, instance:application.tests.LoginPageTests@14cd1699]" name="loginToFacebook" class="application.tests.LoginPageTests"/>
        <method signature="LoginPageTests.verifyFbLoginPageTitle(java.lang.String)[pri:0, instance:application.tests.LoginPageTests@14cd1699]" name="verifyFbLoginPageTitle" class="application.tests.LoginPageTests"/>
      </group> <!-- Regression -->
      <group name="Smoke">
        <method signature="LoginPageTests.facebookLoginPage()[pri:0, instance:application.tests.LoginPageTests@14cd1699]" name="facebookLoginPage" class="application.tests.LoginPageTests"/>
        <method signature="LoginPageTests.verifyFbLoginPageTitle(java.lang.String)[pri:0, instance:application.tests.LoginPageTests@14cd1699]" name="verifyFbLoginPageTitle" class="application.tests.LoginPageTests"/>
      </group> <!-- Smoke -->
    </groups>
    <test started-at="2023-01-08T15:31:01 IST" name="Regression One" finished-at="2023-01-08T15:31:36 IST" duration-ms="34745">
      <class name="application.tests.LoginPageTests">
        <test-method is-config="true" signature="launchBrowser()[pri:0, instance:application.tests.LoginPageTests@14cd1699]" started-at="2023-01-08T15:31:01 IST" name="launchBrowser" finished-at="2023-01-08T15:31:08 IST" duration-ms="6867" status="PASS">
          <reporter-output>
          </reporter-output>
        </test-method> <!-- launchBrowser -->
        <test-method signature="facebookLoginPage()[pri:0, instance:application.tests.LoginPageTests@14cd1699]" started-at="2023-01-08T15:31:08 IST" name="facebookLoginPage" finished-at="2023-01-08T15:31:08 IST" duration-ms="197" status="PASS">
          <reporter-output>
            <line>
              <![CDATA[PageTtile is: Facebook – log in or sign up]]>
            </line>
            <line>
              <![CDATA[Taking Screenshot]]>
            </line>
          </reporter-output>
        </test-method> <!-- facebookLoginPage -->
        <test-method is-config="true" signature="tearDownBrowser()[pri:0, instance:application.tests.LoginPageTests@14cd1699]" started-at="2023-01-08T15:31:08 IST" name="tearDownBrowser" finished-at="2023-01-08T15:31:09 IST" duration-ms="955" status="PASS">
          <reporter-output>
          </reporter-output>
        </test-method> <!-- tearDownBrowser -->
        <test-method is-config="true" signature="launchBrowser()[pri:0, instance:application.tests.LoginPageTests@14cd1699]" started-at="2023-01-08T15:31:09 IST" name="launchBrowser" finished-at="2023-01-08T15:31:14 IST" duration-ms="5105" status="PASS">
          <reporter-output>
          </reporter-output>
        </test-method> <!-- launchBrowser -->
        <test-method signature="loginToFacebook(java.lang.String,java.lang.String)[pri:0, instance:application.tests.LoginPageTests@14cd1699]" started-at="2023-01-08T15:31:14 IST" name="loginToFacebook" data-provider="UserData" finished-at="2023-01-08T15:31:15 IST" duration-ms="339" status="PASS">
          <params>
            <param index="0">
              <value>
                <![CDATA[satpal]]>
              </value>
            </param>
            <param index="1">
              <value>
                <![CDATA[123]]>
              </value>
            </param>
          </params>
          <reporter-output>
            <line>
              <![CDATA[Test for: satpal 123]]>
            </line>
            <line>
              <![CDATA[Taking Screenshot]]>
            </line>
          </reporter-output>
        </test-method> <!-- loginToFacebook -->
        <test-method is-config="true" signature="tearDownBrowser()[pri:0, instance:application.tests.LoginPageTests@14cd1699]" started-at="2023-01-08T15:31:15 IST" name="tearDownBrowser" finished-at="2023-01-08T15:31:16 IST" duration-ms="955" status="PASS">
          <reporter-output>
          </reporter-output>
        </test-method> <!-- tearDownBrowser -->
        <test-method is-config="true" signature="launchBrowser()[pri:0, instance:application.tests.LoginPageTests@14cd1699]" started-at="2023-01-08T15:31:16 IST" name="launchBrowser" finished-at="2023-01-08T15:31:20 IST" duration-ms="4934" status="PASS">
          <reporter-output>
          </reporter-output>
        </test-method> <!-- launchBrowser -->
        <test-method signature="loginToFacebook(java.lang.String,java.lang.String)[pri:0, instance:application.tests.LoginPageTests@14cd1699]" started-at="2023-01-08T15:31:20 IST" name="loginToFacebook" data-provider="UserData" finished-at="2023-01-08T15:31:21 IST" duration-ms="329" status="PASS">
          <params>
            <param index="0">
              <value>
                <![CDATA[jangir]]>
              </value>
            </param>
            <param index="1">
              <value>
                <![CDATA[456]]>
              </value>
            </param>
          </params>
          <reporter-output>
            <line>
              <![CDATA[Test for: jangir 456]]>
            </line>
            <line>
              <![CDATA[Taking Screenshot]]>
            </line>
          </reporter-output>
        </test-method> <!-- loginToFacebook -->
        <test-method is-config="true" signature="tearDownBrowser()[pri:0, instance:application.tests.LoginPageTests@14cd1699]" started-at="2023-01-08T15:31:21 IST" name="tearDownBrowser" finished-at="2023-01-08T15:31:22 IST" duration-ms="1006" status="PASS">
          <reporter-output>
          </reporter-output>
        </test-method> <!-- tearDownBrowser -->
        <test-method is-config="true" signature="launchBrowser()[pri:0, instance:application.tests.LoginPageTests@14cd1699]" started-at="2023-01-08T15:31:22 IST" name="launchBrowser" finished-at="2023-01-08T15:31:28 IST" duration-ms="5760" status="PASS">
          <reporter-output>
          </reporter-output>
        </test-method> <!-- launchBrowser -->
        <test-method signature="loginToFacebook(java.lang.String,java.lang.String)[pri:0, instance:application.tests.LoginPageTests@14cd1699]" started-at="2023-01-08T15:31:28 IST" name="loginToFacebook" data-provider="UserData" finished-at="2023-01-08T15:31:28 IST" duration-ms="334" status="PASS">
          <params>
            <param index="0">
              <value>
                <![CDATA[hello]]>
              </value>
            </param>
            <param index="1">
              <value>
                <![CDATA[789]]>
              </value>
            </param>
          </params>
          <reporter-output>
            <line>
              <![CDATA[Test for: hello 789]]>
            </line>
            <line>
              <![CDATA[Taking Screenshot]]>
            </line>
          </reporter-output>
        </test-method> <!-- loginToFacebook -->
        <test-method is-config="true" signature="tearDownBrowser()[pri:0, instance:application.tests.LoginPageTests@14cd1699]" started-at="2023-01-08T15:31:28 IST" name="tearDownBrowser" finished-at="2023-01-08T15:31:29 IST" duration-ms="950" status="PASS">
          <reporter-output>
          </reporter-output>
        </test-method> <!-- tearDownBrowser -->
        <test-method is-config="true" signature="launchBrowser()[pri:0, instance:application.tests.LoginPageTests@14cd1699]" started-at="2023-01-08T15:31:29 IST" name="launchBrowser" finished-at="2023-01-08T15:31:35 IST" duration-ms="5763" status="PASS">
          <reporter-output>
          </reporter-output>
        </test-method> <!-- launchBrowser -->
        <test-method signature="verifyFbLoginPageTitle(java.lang.String)[pri:0, instance:application.tests.LoginPageTests@14cd1699]" started-at="2023-01-08T15:31:35 IST" name="verifyFbLoginPageTitle" finished-at="2023-01-08T15:31:35 IST" duration-ms="218" status="PASS">
          <params>
            <param index="0">
              <value>
                <![CDATA[Facebook – log in or sign up]]>
              </value>
            </param>
          </params>
          <reporter-output>
            <line>
              <![CDATA[Smoke and Regeression Test]]>
            </line>
            <line>
              <![CDATA[Taking Screenshot]]>
            </line>
          </reporter-output>
        </test-method> <!-- verifyFbLoginPageTitle -->
        <test-method is-config="true" signature="tearDownBrowser()[pri:0, instance:application.tests.LoginPageTests@14cd1699]" started-at="2023-01-08T15:31:35 IST" name="tearDownBrowser" finished-at="2023-01-08T15:31:36 IST" duration-ms="977" status="PASS">
          <reporter-output>
          </reporter-output>
        </test-method> <!-- tearDownBrowser -->
      </class> <!-- application.tests.LoginPageTests -->
    </test> <!-- Regression One -->
  </suite> <!-- Parallel Test runs. -->
</testng-results>
