<?xml version="1.0" encoding="UTF-8"?>
<!-- Generated by org.testng.reporters.JUnitReportReporter -->
<testsuite hostname="HJNZL001240" failures="0" tests="5" name="application.tests.LoginPageTests" time="48.120" errors="0" timestamp="2023-01-09T00:05:25 IST" skipped="0">
  <testcase classname="application.tests.LoginPageTests" name="verifyFbLoginPageTitle" time="8.145"/>
  <system-out>
    <![CDATA[Smoke and Regeression Test
Taking Screenshot]]>
  </system-out>
  <testcase classname="application.tests.LoginPageTests" name="facebookLoginPage" time="8.140"/>
  <system-out>
    <![CDATA[PageTtile is: Facebook – log in or sign up
Taking Screenshot]]>
  </system-out>
  <testcase classname="application.tests.LoginPageTests" name="loginToFacebook" time="15.337"/>
  <system-out>
    <![CDATA[Test for: hello 789
Taking Screenshot]]>
  </system-out>
  <testcase classname="application.tests.LoginPageTests" name="loginToFacebook" time="8.449"/>
  <system-out>
    <![CDATA[Test for: satpal 123
Taking Screenshot]]>
  </system-out>
  <testcase classname="application.tests.LoginPageTests" name="loginToFacebook" time="8.049"/>
  <system-out>
    <![CDATA[Test for: jangir 456
Taking Screenshot]]>
  </system-out>
</testsuite> <!-- application.tests.LoginPageTests -->
